     1                                  section .data
     2                                  
     3 00000000 576974616A20C59B77-     	msg1		db		"Witaj świecie!", 0
     3 00000009 69656369652100     
     4 00000010 C5BB796AC499206920-     	msg2		db		"Żyję i mam się dobrze!", 0
     4 00000019 6D616D207369C49920-
     4 00000022 646F62727A652100   
     5 0000002A 65010000                	radius		dd		357
     6 0000002E 1F85EB51B81E0940        	pi			dq		3.14
     7                                  
     8 00000036 25730A00                	fmtstr		db 		"%s", 10, 0	; format do wypisywania łańcucha
     9 0000003A 256C660A00              	fmtflt		db		"%lf", 10, 0
    10 0000003F 25640A00                	fmtint		db		"%d", 10, 0 
    11                                  
    12                                  section .bss
    13                                  section .text
    14                                  
    15                                  extern printf
    16                                  
    17                                  	global main
    18                                  
    19                                  main:
    20 00000000 55                      	push	rbp
    21 00000001 4889E5                  	mov		rbp, rsp
    22                                  
    23 00000004 B800000000              	mov		rax, 0 ; to nie liczba zmiennoprzecinkowa
    24 00000009 48BF-                   	mov		rdi, fmtstr
    24 0000000B [3600000000000000] 
    25 00000013 48BE-                   	mov		rsi, msg1
    25 00000015 [0000000000000000] 
    26 0000001D E8(00000000)            	call	printf
    27                                  
    28 00000022 B800000000              	mov		rax, 0
    29 00000027 48BF-                   	mov		rdi, fmtstr
    29 00000029 [3600000000000000] 
    30 00000031 48BE-                   	mov		rsi, msg2
    30 00000033 [1000000000000000] 
    31 0000003B E8(00000000)            	call	printf
    32                                  
    33 00000040 B800000000              	mov		rax, 0
    34 00000045 48BF-                   	mov		rdi, fmtint
    34 00000047 [3F00000000000000] 
    35 0000004F 488B3425[2A000000]      	mov		rsi, [radius]
    36 00000057 E8(00000000)            	call	printf
    37                                  
    38 0000005C B801000000              	mov		rax, 1 ; zmiennoprzecinkowa
    39 00000061 F30F7E0425-             	movq	xmm0, [pi] 
    39 00000066 [2E000000]         
    40 0000006A 48BF-                   	mov 	rdi, fmtflt
    40 0000006C [3A00000000000000] 
    41 00000074 E8(00000000)            	call	printf
    42                                  
    43 00000079 4889EC                  	mov	rsp, rbp
    44 0000007C 5D                      	pop		rbp
    45 0000007D C3                      ret
