     1                                  section .data
     2 00000000 25730A00                	fmtstr		db	"%s", 10, 0
     3 00000004 3D3D3D3D3D3D3D3D3D-     	line		db	"===============================================", 0
     3 0000000D 3D3D3D3D3D3D3D3D3D-
     3 00000016 3D3D3D3D3D3D3D3D3D-
     3 0000001F 3D3D3D3D3D3D3D3D3D-
     3 00000028 3D3D3D3D3D3D3D3D3D-
     3 00000031 3D3D00             
     4 00000034 204D6F6E746800          	col1		db	" Month", 0
     5 0000003B 206D312000              	col2		db 	" m1 ", 0
     6 00000040 206D322000              	col3		db	" m2 ", 0
     7 00000045 206D332000              	col4		db 	" m3 ", 0
     8 0000004A 206D342000              	col5		db	" m4 ", 0
     9                                  	
    10 0000004F 20252D313073207C20-     	headers		db 	" %-10s | %5s  | %5s  | %5s  | %5s  |", 10, 0
    10 00000058 25357320207C202535-
    10 00000061 7320207C2025357320-
    10 0000006A 207C2025357320207C-
    10 00000073 0A00               
    11 00000075 20252D313073207C20-     	tbody		db 	" %-10s | %lf  | %lf  | %lf  | %lf  |", 10, 0
    11 0000007E 256C6620207C20256C-
    11 00000087 6620207C20256C6620-
    11 00000090 207C20256C6620207C-
    11 00000099 0A00               
    12 0000009B 4A756E7900              	month		db  "Juny", 0
    13 000000A0 14AE47E17A543540        	m1			dq	21.33
    14 000000A8 8FC2F5285C4F3640        	m2			dq	22.31
    15 000000B0 295C8FC2F5284040        	m3			dq	32.32
    16 000000B8 CDCCCCCCCC0C3E40        	m4			dq	30.05
    17                                  	
    18                                  section .bss
    19                                  
    20                                  section .text
    21                                  	extern printf
    22                                  	global main
    23                                  
    24                                  main:
    25 00000000 55                      	push	rbp
    26 00000001 4889E5                  	mov		rbp, rsp
    27                                  
    28 00000004 E8A6000000              	call	print_line
    29                                  	
    30 00000009 B800000000              	mov		rax, 0
    31 0000000E 48BF-                   	mov		rdi, headers
    31 00000010 [4F00000000000000] 
    32 00000018 48BE-                   	mov		rsi, col1
    32 0000001A [3400000000000000] 
    33 00000022 48BA-                   	mov		rdx, col2
    33 00000024 [3B00000000000000] 
    34 0000002C 48B9-                   	mov		rcx, col3
    34 0000002E [4000000000000000] 
    35 00000036 49B8-                   	mov		r8,	col4
    35 00000038 [4500000000000000] 
    36 00000040 49B9-                   	mov		r9, col5
    36 00000042 [4A00000000000000] 
    37 0000004A E8(00000000)            	call	printf
    38                                  
    39 0000004F E85B000000              	call	print_line
    40                                  	
    41 00000054 B804000000              	mov		rax, 4
    42 00000059 48BF-                   	mov		rdi, tbody
    42 0000005B [7500000000000000] 
    43 00000063 48BE-                   	mov 	rsi, month
    43 00000065 [9B00000000000000] 
    44                                  
    45 0000006D F20F100425-             	movsd	xmm0, [m1]
    45 00000072 [A0000000]         
    46 00000076 66480F7EC2              	movq	rdx, xmm0
    47                                  
    48 0000007B F20F100C25-             	movsd	xmm1, [m2]
    48 00000080 [A8000000]         
    49 00000084 66480F7EC9              	movq	rcx, xmm1
    50                                  
    51 00000089 F20F101425-             	movsd   xmm2, [m3]
    51 0000008E [B0000000]         
    52 00000092 66490F7ED0              	movq	r8, xmm2
    53                                  
    54 00000097 F20F101C25-             	movsd	xmm3, [m4]
    54 0000009C [B8000000]         
    55 000000A0 66490F7ED9              	movq	r9, xmm3
    56                                  	
    57 000000A5 E8(00000000)            	call	printf 
    58                                  	
    59 000000AA 4889E5                  	mov		rbp, rsp
    60 000000AD 5D                      	pop		rbp
    61                                  	
    62 000000AE C3                      	ret
    63                                  
    64                                  
    65                                  print_line:
    66 000000AF 55                      	push	rbp
    67 000000B0 4889E5                  	mov		rbp, rsp
    68                                  	
    69 000000B3 B800000000              	mov		rax, 0
    70 000000B8 48BF-                   	mov		rdi, fmtstr
    70 000000BA [0000000000000000] 
    71 000000C2 48BE-                   	mov		rsi, line
    71 000000C4 [0400000000000000] 
    72 000000CC E8(00000000)            	call	printf
    73                                  
    74 000000D1 4889EC                  	mov 	rsp, rbp
    75 000000D4 5D                      	pop		rbp
    76 000000D5 C3                      	ret
    77                                  	
